Using pre-set license
Built from '2021.1/staging' branch; Version is '2021.1.3f1 (4bef613afd59) revision 4976481'; Using compiler version '192528614'; Build Type 'Release'
OS: 'Windows 10 Pro; OS build 19042.985; Version 2009; 64bit' Language: 'pt' Physical Memory: 16333 MB
BatchMode: 1, IsHumanControllingUs: 0, StartBugReporterOnCrash: 0, Is64bit: 1, IsPro: 0

 COMMAND LINE ARGUMENTS:
C:\Program Files\Unity\Hub\Editor\2021.1.3f1\Editor\Unity.exe
-adb2
-batchMode
-noUpm
-name
AssetImportWorker0
-projectPath
C:/Unity/StacknSlidePrototype
-logFile
Logs/AssetImportWorker0.log
-srvPort
58388
Successfully changed project path to: C:/Unity/StacknSlidePrototype
C:/Unity/StacknSlidePrototype
Using Asset Import Pipeline V2.
Refreshing native plugins compatible for Editor in 27.25 ms, found 0 plugins.
Preloading 0 native plugins for Editor in 0.00 ms.
Initialize engine version: 2021.1.3f1 (4bef613afd59)
[Subsystems] Discovering subsystems at path C:/Program Files/Unity/Hub/Editor/2021.1.3f1/Editor/Data/Resources/UnitySubsystems
[Subsystems] Discovering subsystems at path C:/Unity/StacknSlidePrototype/Assets
GfxDevice: creating device client; threaded=0; jobified=0
Direct3D:
    Version:  Direct3D 11.0 [level 11.1]
    Renderer: NVIDIA GeForce GTX 1060 6GB (ID=0x1c03)
    Vendor:   NVIDIA
    VRAM:     6052 MB
    Driver:   27.21.14.6627
Initialize mono
Mono path[0] = 'C:/Program Files/Unity/Hub/Editor/2021.1.3f1/Editor/Data/Managed'
Mono path[1] = 'C:/Program Files/Unity/Hub/Editor/2021.1.3f1/Editor/Data/MonoBleedingEdge/lib/mono/unityjit'
Mono config path = 'C:/Program Files/Unity/Hub/Editor/2021.1.3f1/Editor/Data/MonoBleedingEdge/etc'
Using monoOptions --debugger-agent=transport=dt_socket,embedding=1,server=y,suspend=n,address=127.0.0.1:56820
Begin MonoManager ReloadAssembly
Registering precompiled unity dll's ...
Register platform support module: C:/Program Files/Unity/Hub/Editor/2021.1.3f1/Editor/Data/PlaybackEngines/WebGLSupport/UnityEditor.WebGL.Extensions.dll
Register platform support module: C:/Program Files/Unity/Hub/Editor/2021.1.3f1/Editor/Data/PlaybackEngines/WindowsStandaloneSupport/UnityEditor.WindowsStandalone.Extensions.dll
Registered in 0.002501 seconds.
Native extension for WindowsStandalone target not found
Native extension for WebGL target not found
Refreshing native plugins compatible for Editor in 31.16 ms, found 0 plugins.
Preloading 0 native plugins for Editor in 0.00 ms.
Mono: successfully reloaded assembly
- Completed reload, in  2.111 seconds
Platform modules already initialized, skipping
Registering precompiled user dll's ...
Registered in 0.000831 seconds.
Begin MonoManager ReloadAssembly
Native extension for WindowsStandalone target not found
Native extension for WebGL target not found
Refreshing native plugins compatible for Editor in 0.21 ms, found 0 plugins.
Preloading 0 native plugins for Editor in 0.00 ms.
[MODES] ModeService[none].Initialize
[MODES] ModeService[none].LoadModes
[MODES] Loading mode Default (0) for mode-current-id-StacknSlidePrototype
System.NullReferenceException: Object reference not set to an instance of an object
  at UnityEngine.UIElements.BaseLiveReloadAssetTracker`1[T].StartTrackingAsset (T asset) [0x0003e] in <6aef74cd6e9c4a708ea4a51c97de39d4>:0 
  at UnityEngine.UIElements.VisualElement.HandlePanelAttachmentEvents (UnityEngine.UIElements.EventBase evt) [0x000a9] in <6aef74cd6e9c4a708ea4a51c97de39d4>:0 
  at UnityEngine.UIElements.VisualElement.ExecuteDefaultAction (UnityEngine.UIElements.EventBase evt) [0x0010e] in <6aef74cd6e9c4a708ea4a51c97de39d4>:0 
  at UnityEngine.UIElements.CallbackEventHandler.HandleEvent (UnityEngine.UIElements.EventBase evt) [0x000ae] in <6aef74cd6e9c4a708ea4a51c97de39d4>:0 
  at UnityEngine.UIElements.EventDispatchUtilities.ExecuteDefaultAction (UnityEngine.UIElements.EventBase evt, UnityEngine.UIElements.IPanel panel) [0x00054] in <6aef74cd6e9c4a708ea4a51c97de39d4>:0 
  at UnityEngine.UIElements.EventDispatcher.ProcessEvent (UnityEngine.UIElements.EventBase evt, UnityEngine.UIElements.IPanel panel) [0x000ba] in <6aef74cd6e9c4a708ea4a51c97de39d4>:0 
  at UnityEngine.UIElements.EventDispatcher.Dispatch (UnityEngine.UIElements.EventBase evt, UnityEngine.UIElements.IPanel panel, UnityEngine.UIElements.DispatchMode dispatchMode) [0x00046] in <6aef74cd6e9c4a708ea4a51c97de39d4>:0 
  at UnityEngine.UIElements.BaseVisualElementPanel.SendEvent (UnityEngine.UIElements.EventBase e, UnityEngine.UIElements.DispatchMode dispatchMode) [0x0001a] in <6aef74cd6e9c4a708ea4a51c97de39d4>:0 
  at UnityEngine.UIElements.VisualElement.HasChangedPanel (UnityEngine.UIElements.BaseVisualElementPanel prevPanel) [0x00061] in <6aef74cd6e9c4a708ea4a51c97de39d4>:0 
  at UnityEngine.UIElements.VisualElement.SetPanel (UnityEngine.UIElements.BaseVisualElementPanel p) [0x001b1] in <6aef74cd6e9c4a708ea4a51c97de39d4>:0 
  at UnityEngine.UIElements.VisualElement+Hierarchy.SetParent (UnityEngine.UIElements.VisualElement value) [0x00038] in <6aef74cd6e9c4a708ea4a51c97de39d4>:0 
  at UnityEngine.UIElements.VisualElement+Hierarchy.Insert (System.Int32 index, UnityEngine.UIElements.VisualElement child) [0x000e4] in <6aef74cd6e9c4a708ea4a51c97de39d4>:0 
  at UnityEngine.UIElements.VisualElement+Hierarchy.Add (UnityEngine.UIElements.VisualElement child) [0x0001b] in <6aef74cd6e9c4a708ea4a51c97de39d4>:0 
  at UnityEngine.UIElements.VisualElement.Add (UnityEngine.UIElements.VisualElement child) [0x00038] in <6aef74cd6e9c4a708ea4a51c97de39d4>:0 
  at UnityEditor.UIElements.DefaultEditorWindowBackend.AddRootElement (UnityEngine.UIElements.VisualElement root) [0x0000c] in <a122028f8c314654ad750c3d9eb1f725>:0 
  at UnityEditor.UIElements.DefaultEditorWindowBackend.RegisterWindow () [0x000c7] in <a122028f8c314654ad750c3d9eb1f725>:0 
  at UnityEditor.UIElements.DefaultEditorWindowBackend.UnityEditor.IEditorWindowBackend.OnRegisterWindow () [0x00001] in <a122028f8c314654ad750c3d9eb1f725>:0 
  at UnityEditor.HostView.RegisterSelectedPane (System.Boolean sendEvents) [0x00035] in <1798d6bccd2b44b2854be2fbcc2463b3>:0 
  at UnityEditor.HostView.SetActualViewInternal (UnityEditor.EditorWindow value, System.Boolean sendEvents) [0x0004b] in <1798d6bccd2b44b2854be2fbcc2463b3>:0 
  at UnityEditor.HostView.set_actualView (UnityEditor.EditorWindow value) [0x00001] in <1798d6bccd2b44b2854be2fbcc2463b3>:0 
  at UnityEditor.EditorWindow.ShowWithMode (UnityEditor.ShowMode mode) [0x00039] in <1798d6bccd2b44b2854be2fbcc2463b3>:0 
  at UnityEditor.EditorWindow.ShowUtility () [0x00001] in <1798d6bccd2b44b2854be2fbcc2463b3>:0 
  at UnityEditor.EditorWindow.GetWindowPrivate (System.Type t, System.Boolean utility, System.String title, System.Boolean focus) [0x0004e] in <1798d6bccd2b44b2854be2fbcc2463b3>:0 
  at UnityEditor.EditorWindow.GetWindow (System.Type t, System.Boolean utility, System.String title, System.Boolean focus) [0x00001] in <1798d6bccd2b44b2854be2fbcc2463b3>:0 
  at UnityEditor.EditorWindow.GetWindow[T] (System.Boolean utility, System.String title, System.Boolean focus) [0x00001] in <1798d6bccd2b44b2854be2fbcc2463b3>:0 
  at UnityEditor.EditorWindow.GetWindow[T] (System.Boolean utility) [0x00001] in <1798d6bccd2b44b2854be2fbcc2463b3>:0 
  at Dreamteck.Splines.Editor.PluginInfo..cctor () [0x00034] in C:\Unity\StacknSlidePrototype\Assets\Dreamteck\Splines\Editor\WelcomeScreen.cs:20 
UnityEngine.StackTraceUtility:ExtractStackTrace ()
UnityEngine.DebugLogHandler:LogFormat (UnityEngine.LogType,UnityEngine.Object,string,object[])
UnityEngine.Logger:Log (UnityEngine.LogType,object)
UnityEngine.Debug:LogError (object)
UnityEditor.EditorAssemblies:ProcessInitializeOnLoadAttributes (System.Type[])

Mono: successfully reloaded assembly
- Completed reload, in  1.015 seconds
Platform modules already initialized, skipping
========================================================================
Worker process is ready to serve import requests
Launched and connected shader compiler UnityShaderCompiler.exe after 0.05 seconds
Refreshing native plugins compatible for Editor in 0.22 ms, found 0 plugins.
Preloading 0 native plugins for Editor in 0.00 ms.
Unloading 1286 Unused Serialized files (Serialized files now loaded: 0)
System memory in use before: 152.4 MB.
System memory in use after: 152.2 MB.

Unloading 11 unused Assets to reduce memory usage. Loaded Objects now: 1768.
Total: 2.658700 ms (FindLiveObjects: 0.123700 ms CreateObjectMapping: 0.044700 ms MarkObjects: 2.404700 ms  DeleteObjects: 0.084700 ms)

========================================================================
Received Import Request.
  path: Assets/Scenes/SampleScene.unity
  artifactKey: Guid(9fc0d4010bbf28b4594072e72b8655ab) Importer(815301076,1909f56bfc062723c751e8b465ee728b)
Start importing Assets/Scenes/SampleScene.unity using Guid(9fc0d4010bbf28b4594072e72b8655ab) Importer(815301076,1909f56bfc062723c751e8b465ee728b)  -> (artifact id: '27a97311c27395737b2ad69f413bc471') in 0.014701 seconds 
========================================================================
Received Prepare
Registering precompiled user dll's ...
Registered in 0.000767 seconds.
Begin MonoManager ReloadAssembly
Native extension for WindowsStandalone target not found
Native extension for WebGL target not found
Refreshing native plugins compatible for Editor in 0.22 ms, found 0 plugins.
Preloading 0 native plugins for Editor in 0.00 ms.
[MODES] ModeService[none].Initialize
[MODES] ModeService[none].LoadModes
[MODES] Loading mode Default (0) for mode-current-id-StacknSlidePrototype
System.NullReferenceException: Object reference not set to an instance of an object
  at UnityEngine.UIElements.BaseLiveReloadAssetTracker`1[T].StartTrackingAsset (T asset) [0x0003e] in <6aef74cd6e9c4a708ea4a51c97de39d4>:0 
  at UnityEngine.UIElements.VisualElement.HandlePanelAttachmentEvents (UnityEngine.UIElements.EventBase evt) [0x000a9] in <6aef74cd6e9c4a708ea4a51c97de39d4>:0 
  at UnityEngine.UIElements.VisualElement.ExecuteDefaultAction (UnityEngine.UIElements.EventBase evt) [0x0010e] in <6aef74cd6e9c4a708ea4a51c97de39d4>:0 
  at UnityEngine.UIElements.CallbackEventHandler.HandleEvent (UnityEngine.UIElements.EventBase evt) [0x000ae] in <6aef74cd6e9c4a708ea4a51c97de39d4>:0 
  at UnityEngine.UIElements.EventDispatchUtilities.ExecuteDefaultAction (UnityEngine.UIElements.EventBase evt, UnityEngine.UIElements.IPanel panel) [0x00054] in <6aef74cd6e9c4a708ea4a51c97de39d4>:0 
  at UnityEngine.UIElements.EventDispatcher.ProcessEvent (UnityEngine.UIElements.EventBase evt, UnityEngine.UIElements.IPanel panel) [0x000ba] in <6aef74cd6e9c4a708ea4a51c97de39d4>:0 
  at UnityEngine.UIElements.EventDispatcher.Dispatch (UnityEngine.UIElements.EventBase evt, UnityEngine.UIElements.IPanel panel, UnityEngine.UIElements.DispatchMode dispatchMode) [0x00046] in <6aef74cd6e9c4a708ea4a51c97de39d4>:0 
  at UnityEngine.UIElements.BaseVisualElementPanel.SendEvent (UnityEngine.UIElements.EventBase e, UnityEngine.UIElements.DispatchMode dispatchMode) [0x0001a] in <6aef74cd6e9c4a708ea4a51c97de39d4>:0 
  at UnityEngine.UIElements.VisualElement.HasChangedPanel (UnityEngine.UIElements.BaseVisualElementPanel prevPanel) [0x00061] in <6aef74cd6e9c4a708ea4a51c97de39d4>:0 
  at UnityEngine.UIElements.VisualElement.SetPanel (UnityEngine.UIElements.BaseVisualElementPanel p) [0x001b1] in <6aef74cd6e9c4a708ea4a51c97de39d4>:0 
  at UnityEngine.UIElements.VisualElement+Hierarchy.SetParent (UnityEngine.UIElements.VisualElement value) [0x00038] in <6aef74cd6e9c4a708ea4a51c97de39d4>:0 
  at UnityEngine.UIElements.VisualElement+Hierarchy.Insert (System.Int32 index, UnityEngine.UIElements.VisualElement child) [0x000e4] in <6aef74cd6e9c4a708ea4a51c97de39d4>:0 
  at UnityEngine.UIElements.VisualElement+Hierarchy.Add (UnityEngine.UIElements.VisualElement child) [0x0001b] in <6aef74cd6e9c4a708ea4a51c97de39d4>:0 
  at UnityEngine.UIElements.VisualElement.Add (UnityEngine.UIElements.VisualElement child) [0x00038] in <6aef74cd6e9c4a708ea4a51c97de39d4>:0 
  at UnityEditor.UIElements.DefaultEditorWindowBackend.AddRootElement (UnityEngine.UIElements.VisualElement root) [0x0000c] in <a122028f8c314654ad750c3d9eb1f725>:0 
  at UnityEditor.UIElements.DefaultEditorWindowBackend.RegisterWindow () [0x000c7] in <a122028f8c314654ad750c3d9eb1f725>:0 
  at UnityEditor.UIElements.DefaultEditorWindowBackend.UnityEditor.IEditorWindowBackend.OnRegisterWindow () [0x00001] in <a122028f8c314654ad750c3d9eb1f725>:0 
  at UnityEditor.HostView.RegisterSelectedPane (System.Boolean sendEvents) [0x00035] in <1798d6bccd2b44b2854be2fbcc2463b3>:0 
  at UnityEditor.HostView.SetActualViewInternal (UnityEditor.EditorWindow value, System.Boolean sendEvents) [0x0004b] in <1798d6bccd2b44b2854be2fbcc2463b3>:0 
  at UnityEditor.DockArea.SetSelectedPrivate (System.Int32 value, System.Boolean sendEvents) [0x00059] in <1798d6bccd2b44b2854be2fbcc2463b3>:0 
  at UnityEditor.DockArea.AddTab (System.Int32 idx, UnityEditor.EditorWindow pane, System.Boolean sendPaneEvents) [0x00018] in <1798d6bccd2b44b2854be2fbcc2463b3>:0 
  at UnityEditor.DockArea.AddTab (UnityEditor.EditorWindow pane, System.Boolean sendPaneEvents) [0x0000d] in <1798d6bccd2b44b2854be2fbcc2463b3>:0 
  at UnityEditor.EditorWindow.CreateNewWindowForEditorWindow (UnityEditor.EditorWindow window, System.Boolean loadPosition, System.Boolean showImmediately, System.Boolean setFocus) [0x0001b] in <1798d6bccd2b44b2854be2fbcc2463b3>:0 
  at UnityEditor.EditorWindow.Show (System.Boolean immediateDisplay) [0x00011] in <1798d6bccd2b44b2854be2fbcc2463b3>:0 
  at UnityEditor.EditorWindow.Show () [0x00001] in <1798d6bccd2b44b2854be2fbcc2463b3>:0 
  at UnityEditor.EditorWindow.GetWindowPrivate (System.Type t, System.Boolean utility, System.String title, System.Boolean focus) [0x00069] in <1798d6bccd2b44b2854be2fbcc2463b3>:0 
  at UnityEditor.EditorWindow.GetWindow (System.Type t, System.Boolean utility, System.String title, System.Boolean focus) [0x00001] in <1798d6bccd2b44b2854be2fbcc2463b3>:0 
  at UnityEditor.EditorWindow.GetWindow[T] (System.Boolean utility, System.String title, System.Boolean focus) [0x00001] in <1798d6bccd2b44b2854be2fbcc2463b3>:0 
  at UnityEditor.EditorWindow.GetWindow[T] (System.Boolean utility) [0x00001] in <1798d6bccd2b44b2854be2fbcc2463b3>:0 
  at Dreamteck.Splines.Editor.PluginInfo..cctor () [0x00034] in C:\Unity\StacknSlidePrototype\Assets\Dreamteck\Splines\Editor\WelcomeScreen.cs:20 
UnityEngine.StackTraceUtility:ExtractStackTrace ()
UnityEngine.DebugLogHandler:LogFormat (UnityEngine.LogType,UnityEngine.Object,string,object[])
UnityEngine.Logger:Log (UnityEngine.LogType,object)
UnityEngine.Debug:LogError (object)
UnityEditor.EditorAssemblies:ProcessInitializeOnLoadAttributes (System.Type[])

Mono: successfully reloaded assembly
- Completed reload, in  0.982 seconds
Platform modules already initialized, skipping
Refreshing native plugins compatible for Editor in 0.23 ms, found 0 plugins.
Preloading 0 native plugins for Editor in 0.00 ms.
Unloading 1280 Unused Serialized files (Serialized files now loaded: 0)
System memory in use before: 151.9 MB.
System memory in use after: 152.0 MB.

Unloading 5 unused Assets to reduce memory usage. Loaded Objects now: 1774.
Total: 2.672500 ms (FindLiveObjects: 0.124600 ms CreateObjectMapping: 0.045900 ms MarkObjects: 2.442600 ms  DeleteObjects: 0.058000 ms)

========================================================================
Received Prepare
Registering precompiled user dll's ...
Registered in 0.000809 seconds.
Begin MonoManager ReloadAssembly
Native extension for WindowsStandalone target not found
Native extension for WebGL target not found
Refreshing native plugins compatible for Editor in 0.22 ms, found 0 plugins.
Preloading 0 native plugins for Editor in 0.00 ms.
[MODES] ModeService[none].Initialize
[MODES] ModeService[none].LoadModes
[MODES] Loading mode Default (0) for mode-current-id-StacknSlidePrototype
System.NullReferenceException: Object reference not set to an instance of an object
  at UnityEngine.UIElements.BaseLiveReloadAssetTracker`1[T].StartTrackingAsset (T asset) [0x0003e] in <6aef74cd6e9c4a708ea4a51c97de39d4>:0 
  at UnityEngine.UIElements.VisualElement.HandlePanelAttachmentEvents (UnityEngine.UIElements.EventBase evt) [0x000a9] in <6aef74cd6e9c4a708ea4a51c97de39d4>:0 
  at UnityEngine.UIElements.VisualElement.ExecuteDefaultAction (UnityEngine.UIElements.EventBase evt) [0x0010e] in <6aef74cd6e9c4a708ea4a51c97de39d4>:0 
  at UnityEngine.UIElements.CallbackEventHandler.HandleEvent (UnityEngine.UIElements.EventBase evt) [0x000ae] in <6aef74cd6e9c4a708ea4a51c97de39d4>:0 
  at UnityEngine.UIElements.EventDispatchUtilities.ExecuteDefaultAction (UnityEngine.UIElements.EventBase evt, UnityEngine.UIElements.IPanel panel) [0x00054] in <6aef74cd6e9c4a708ea4a51c97de39d4>:0 
  at UnityEngine.UIElements.EventDispatcher.ProcessEvent (UnityEngine.UIElements.EventBase evt, UnityEngine.UIElements.IPanel panel) [0x000ba] in <6aef74cd6e9c4a708ea4a51c97de39d4>:0 
  at UnityEngine.UIElements.EventDispatcher.Dispatch (UnityEngine.UIElements.EventBase evt, UnityEngine.UIElements.IPanel panel, UnityEngine.UIElements.DispatchMode dispatchMode) [0x00046] in <6aef74cd6e9c4a708ea4a51c97de39d4>:0 
  at UnityEngine.UIElements.BaseVisualElementPanel.SendEvent (UnityEngine.UIElements.EventBase e, UnityEngine.UIElements.DispatchMode dispatchMode) [0x0001a] in <6aef74cd6e9c4a708ea4a51c97de39d4>:0 
  at UnityEngine.UIElements.VisualElement.HasChangedPanel (UnityEngine.UIElements.BaseVisualElementPanel prevPanel) [0x00061] in <6aef74cd6e9c4a708ea4a51c97de39d4>:0 
  at UnityEngine.UIElements.VisualElement.SetPanel (UnityEngine.UIElements.BaseVisualElementPanel p) [0x001b1] in <6aef74cd6e9c4a708ea4a51c97de39d4>:0 
  at UnityEngine.UIElements.VisualElement+Hierarchy.SetParent (UnityEngine.UIElements.VisualElement value) [0x00038] in <6aef74cd6e9c4a708ea4a51c97de39d4>:0 
  at UnityEngine.UIElements.VisualElement+Hierarchy.Insert (System.Int32 index, UnityEngine.UIElements.VisualElement child) [0x000e4] in <6aef74cd6e9c4a708ea4a51c97de39d4>:0 
  at UnityEngine.UIElements.VisualElement+Hierarchy.Add (UnityEngine.UIElements.VisualElement child) [0x0001b] in <6aef74cd6e9c4a708ea4a51c97de39d4>:0 
  at UnityEngine.UIElements.VisualElement.Add (UnityEngine.UIElements.VisualElement child) [0x00038] in <6aef74cd6e9c4a708ea4a51c97de39d4>:0 
  at UnityEditor.UIElements.DefaultEditorWindowBackend.AddRootElement (UnityEngine.UIElements.VisualElement root) [0x0000c] in <a122028f8c314654ad750c3d9eb1f725>:0 
  at UnityEditor.UIElements.DefaultEditorWindowBackend.RegisterWindow () [0x000c7] in <a122028f8c314654ad750c3d9eb1f725>:0 
  at UnityEditor.UIElements.DefaultEditorWindowBackend.UnityEditor.IEditorWindowBackend.OnRegisterWindow () [0x00001] in <a122028f8c314654ad750c3d9eb1f725>:0 
  at UnityEditor.HostView.RegisterSelectedPane (System.Boolean sendEvents) [0x00035] in <1798d6bccd2b44b2854be2fbcc2463b3>:0 
  at UnityEditor.HostView.SetActualViewInternal (UnityEditor.EditorWindow value, System.Boolean sendEvents) [0x0004b] in <1798d6bccd2b44b2854be2fbcc2463b3>:0 
  at UnityEditor.DockArea.SetSelectedPrivate (System.Int32 value, System.Boolean sendEvents) [0x00059] in <1798d6bccd2b44b2854be2fbcc2463b3>:0 
  at UnityEditor.DockArea.AddTab (System.Int32 idx, UnityEditor.EditorWindow pane, System.Boolean sendPaneEvents) [0x00018] in <1798d6bccd2b44b2854be2fbcc2463b3>:0 
  at UnityEditor.DockArea.AddTab (UnityEditor.EditorWindow pane, System.Boolean sendPaneEvents) [0x0000d] in <1798d6bccd2b44b2854be2fbcc2463b3>:0 
  at UnityEditor.EditorWindow.CreateNewWindowForEditorWindow (UnityEditor.EditorWindow window, System.Boolean loadPosition, System.Boolean showImmediately, System.Boolean setFocus) [0x0001b] in <1798d6bccd2b44b2854be2fbcc2463b3>:0 
  at UnityEditor.EditorWindow.Show (System.Boolean immediateDisplay) [0x00011] in <1798d6bccd2b44b2854be2fbcc2463b3>:0 
  at UnityEditor.EditorWindow.Show () [0x00001] in <1798d6bccd2b44b2854be2fbcc2463b3>:0 
  at UnityEditor.EditorWindow.GetWindowPrivate (System.Type t, System.Boolean utility, System.String title, System.Boolean focus) [0x00069] in <1798d6bccd2b44b2854be2fbcc2463b3>:0 
  at UnityEditor.EditorWindow.GetWindow (System.Type t, System.Boolean utility, System.String title, System.Boolean focus) [0x00001] in <1798d6bccd2b44b2854be2fbcc2463b3>:0 
  at UnityEditor.EditorWindow.GetWindow[T] (System.Boolean utility, System.String title, System.Boolean focus) [0x00001] in <1798d6bccd2b44b2854be2fbcc2463b3>:0 
  at UnityEditor.EditorWindow.GetWindow[T] (System.Boolean utility) [0x00001] in <1798d6bccd2b44b2854be2fbcc2463b3>:0 
  at Dreamteck.Splines.Editor.PluginInfo..cctor () [0x00034] in C:\Unity\StacknSlidePrototype\Assets\Dreamteck\Splines\Editor\WelcomeScreen.cs:20 
UnityEngine.StackTraceUtility:ExtractStackTrace ()
UnityEngine.DebugLogHandler:LogFormat (UnityEngine.LogType,UnityEngine.Object,string,object[])
UnityEngine.Logger:Log (UnityEngine.LogType,object)
UnityEngine.Debug:LogError (object)
UnityEditor.EditorAssemblies:ProcessInitializeOnLoadAttributes (System.Type[])

Mono: successfully reloaded assembly
- Completed reload, in  0.910 seconds
Platform modules already initialized, skipping
Refreshing native plugins compatible for Editor in 0.22 ms, found 0 plugins.
Preloading 0 native plugins for Editor in 0.00 ms.
Unloading 1280 Unused Serialized files (Serialized files now loaded: 0)
System memory in use before: 152.0 MB.
System memory in use after: 152.1 MB.

Unloading 5 unused Assets to reduce memory usage. Loaded Objects now: 1780.
Total: 3.376200 ms (FindLiveObjects: 0.134700 ms CreateObjectMapping: 0.046500 ms MarkObjects: 3.106600 ms  DeleteObjects: 0.086600 ms)

========================================================================
Received Prepare
Registering precompiled user dll's ...
Registered in 0.061584 seconds.
Begin MonoManager ReloadAssembly
Native extension for WindowsStandalone target not found
Native extension for WebGL target not found
Refreshing native plugins compatible for Editor in 0.23 ms, found 0 plugins.
Preloading 0 native plugins for Editor in 0.00 ms.
[MODES] ModeService[none].Initialize
[MODES] ModeService[none].LoadModes
[MODES] Loading mode Default (0) for mode-current-id-StacknSlidePrototype
System.NullReferenceException: Object reference not set to an instance of an object
  at UnityEngine.UIElements.BaseLiveReloadAssetTracker`1[T].StartTrackingAsset (T asset) [0x0003e] in <6aef74cd6e9c4a708ea4a51c97de39d4>:0 
  at UnityEngine.UIElements.VisualElement.HandlePanelAttachmentEvents (UnityEngine.UIElements.EventBase evt) [0x000a9] in <6aef74cd6e9c4a708ea4a51c97de39d4>:0 
  at UnityEngine.UIElements.VisualElement.ExecuteDefaultAction (UnityEngine.UIElements.EventBase evt) [0x0010e] in <6aef74cd6e9c4a708ea4a51c97de39d4>:0 
  at UnityEngine.UIElements.CallbackEventHandler.HandleEvent (UnityEngine.UIElements.EventBase evt) [0x000ae] in <6aef74cd6e9c4a708ea4a51c97de39d4>:0 
  at UnityEngine.UIElements.EventDispatchUtilities.ExecuteDefaultAction (UnityEngine.UIElements.EventBase evt, UnityEngine.UIElements.IPanel panel) [0x00054] in <6aef74cd6e9c4a708ea4a51c97de39d4>:0 
  at UnityEngine.UIElements.EventDispatcher.ProcessEvent (UnityEngine.UIElements.EventBase evt, UnityEngine.UIElements.IPanel panel) [0x000ba] in <6aef74cd6e9c4a708ea4a51c97de39d4>:0 
  at UnityEngine.UIElements.EventDispatcher.Dispatch (UnityEngine.UIElements.EventBase evt, UnityEngine.UIElements.IPanel panel, UnityEngine.UIElements.DispatchMode dispatchMode) [0x00046] in <6aef74cd6e9c4a708ea4a51c97de39d4>:0 
  at UnityEngine.UIElements.BaseVisualElementPanel.SendEvent (UnityEngine.UIElements.EventBase e, UnityEngine.UIElements.DispatchMode dispatchMode) [0x0001a] in <6aef74cd6e9c4a708ea4a51c97de39d4>:0 
  at UnityEngine.UIElements.VisualElement.HasChangedPanel (UnityEngine.UIElements.BaseVisualElementPanel prevPanel) [0x00061] in <6aef74cd6e9c4a708ea4a51c97de39d4>:0 
  at UnityEngine.UIElements.VisualElement.SetPanel (UnityEngine.UIElements.BaseVisualElementPanel p) [0x001b1] in <6aef74cd6e9c4a708ea4a51c97de39d4>:0 
  at UnityEngine.UIElements.VisualElement+Hierarchy.SetParent (UnityEngine.UIElements.VisualElement value) [0x00038] in <6aef74cd6e9c4a708ea4a51c97de39d4>:0 
  at UnityEngine.UIElements.VisualElement+Hierarchy.Insert (System.Int32 index, UnityEngine.UIElements.VisualElement child) [0x000e4] in <6aef74cd6e9c4a708ea4a51c97de39d4>:0 
  at UnityEngine.UIElements.VisualElement+Hierarchy.Add (UnityEngine.UIElements.VisualElement child) [0x0001b] in <6aef74cd6e9c4a708ea4a51c97de39d4>:0 
  at UnityEngine.UIElements.VisualElement.Add (UnityEngine.UIElements.VisualElement child) [0x00038] in <6aef74cd6e9c4a708ea4a51c97de39d4>:0 
  at UnityEditor.UIElements.DefaultEditorWindowBackend.AddRootElement (UnityEngine.UIElements.VisualElement root) [0x0000c] in <a122028f8c314654ad750c3d9eb1f725>:0 
  at UnityEditor.UIElements.DefaultEditorWindowBackend.RegisterWindow () [0x000c7] in <a122028f8c314654ad750c3d9eb1f725>:0 
  at UnityEditor.UIElements.DefaultEditorWindowBackend.UnityEditor.IEditorWindowBackend.OnRegisterWindow () [0x00001] in <a122028f8c314654ad750c3d9eb1f725>:0 
  at UnityEditor.HostView.RegisterSelectedPane (System.Boolean sendEvents) [0x00035] in <1798d6bccd2b44b2854be2fbcc2463b3>:0 
  at UnityEditor.HostView.SetActualViewInternal (UnityEditor.EditorWindow value, System.Boolean sendEvents) [0x0004b] in <1798d6bccd2b44b2854be2fbcc2463b3>:0 
  at UnityEditor.DockArea.SetSelectedPrivate (System.Int32 value, System.Boolean sendEvents) [0x00059] in <1798d6bccd2b44b2854be2fbcc2463b3>:0 
  at UnityEditor.DockArea.AddTab (System.Int32 idx, UnityEditor.EditorWindow pane, System.Boolean sendPaneEvents) [0x00018] in <1798d6bccd2b44b2854be2fbcc2463b3>:0 
  at UnityEditor.DockArea.AddTab (UnityEditor.EditorWindow pane, System.Boolean sendPaneEvents) [0x0000d] in <1798d6bccd2b44b2854be2fbcc2463b3>:0 
  at UnityEditor.EditorWindow.CreateNewWindowForEditorWindow (UnityEditor.EditorWindow window, System.Boolean loadPosition, System.Boolean showImmediately, System.Boolean setFocus) [0x0001b] in <1798d6bccd2b44b2854be2fbcc2463b3>:0 
  at UnityEditor.EditorWindow.Show (System.Boolean immediateDisplay) [0x00011] in <1798d6bccd2b44b2854be2fbcc2463b3>:0 
  at UnityEditor.EditorWindow.Show () [0x00001] in <1798d6bccd2b44b2854be2fbcc2463b3>:0 
  at UnityEditor.EditorWindow.GetWindowPrivate (System.Type t, System.Boolean utility, System.String title, System.Boolean focus) [0x00069] in <1798d6bccd2b44b2854be2fbcc2463b3>:0 
  at UnityEditor.EditorWindow.GetWindow (System.Type t, System.Boolean utility, System.String title, System.Boolean focus) [0x00001] in <1798d6bccd2b44b2854be2fbcc2463b3>:0 
  at UnityEditor.EditorWindow.GetWindow[T] (System.Boolean utility, System.String title, System.Boolean focus) [0x00001] in <1798d6bccd2b44b2854be2fbcc2463b3>:0 
  at UnityEditor.EditorWindow.GetWindow[T] (System.Boolean utility) [0x00001] in <1798d6bccd2b44b2854be2fbcc2463b3>:0 
  at Dreamteck.Splines.Editor.PluginInfo..cctor () [0x00034] in C:\Unity\StacknSlidePrototype\Assets\Dreamteck\Splines\Editor\WelcomeScreen.cs:20 
UnityEngine.StackTraceUtility:ExtractStackTrace ()
UnityEngine.DebugLogHandler:LogFormat (UnityEngine.LogType,UnityEngine.Object,string,object[])
UnityEngine.Logger:Log (UnityEngine.LogType,object)
UnityEngine.Debug:LogError (object)
UnityEditor.EditorAssemblies:ProcessInitializeOnLoadAttributes (System.Type[])

Mono: successfully reloaded assembly
- Completed reload, in  5.088 seconds
Platform modules already initialized, skipping
Refreshing native plugins compatible for Editor in 0.21 ms, found 0 plugins.
Preloading 0 native plugins for Editor in 0.00 ms.
Unloading 1280 Unused Serialized files (Serialized files now loaded: 0)
System memory in use before: 152.0 MB.
System memory in use after: 152.1 MB.

Unloading 5 unused Assets to reduce memory usage. Loaded Objects now: 1786.
Total: 2.870700 ms (FindLiveObjects: 0.140100 ms CreateObjectMapping: 0.050200 ms MarkObjects: 2.605100 ms  DeleteObjects: 0.074100 ms)

AssetImportWorkerClient::OnTransportError - code=2 error=End of file
